build/app/intermediates/manifest_merge_blame_file/debug/manifest-merger-blame-debug-report.txt
1<?xml version="1.0" encoding="utf-8"?>
2<manifest xmlns:android="http://schemas.android.com/apk/res/android"
3    package="com.example.zeta_fashion_application"
4    android:versionCode="1"
5    android:versionName="1.0.0" >
6
7    <uses-sdk
8        android:minSdkVersion="21"
9        android:targetSdkVersion="31" />
10    <!--
11         Flutter needs it to communicate with the running application
12         to allow setting breakpoints, to provide hot reload, etc.
13    -->
14    <uses-permission android:name="android.permission.INTERNET" />
14-->src/debug/AndroidManifest.xml:6:5-66
14-->src/debug/AndroidManifest.xml:6:22-64
15    <uses-permission android:name="android.permission.FOREGROUND_SERVICE" />
15-->[:geolocator_android] AndroidManifest.xml:7:5-77
15-->[:geolocator_android] AndroidManifest.xml:7:22-74
16    <uses-permission android:name="android.permission.ACCESS_NETWORK_STATE" />
16-->[com.google.firebase:firebase-auth:21.0.3] AndroidManifest.xml:24:5-79
16-->[com.google.firebase:firebase-auth:21.0.3] AndroidManifest.xml:24:22-76
17
18    <queries>
18-->[com.razorpay:checkout:1.6.19] AndroidManifest.xml:11:5-37:15
19        <intent>
19-->[com.razorpay:checkout:1.6.19] AndroidManifest.xml:12:9-18:18
20            <action android:name="android.intent.action.VIEW" />
20-->[com.google.firebase:firebase-auth:21.0.3] AndroidManifest.xml:34:17-69
20-->[com.google.firebase:firebase-auth:21.0.3] AndroidManifest.xml:34:25-66
21
22            <data
22-->[com.google.firebase:firebase-auth:21.0.3] AndroidManifest.xml:39:17-42:51
23                android:mimeType="*/*"
24                android:scheme="*" />
24-->[com.google.firebase:firebase-auth:21.0.3] AndroidManifest.xml:42:21-48
25        </intent>
26        <intent>
26-->[com.razorpay:checkout:1.6.19] AndroidManifest.xml:19:9-28:18
27            <action android:name="android.intent.action.VIEW" />
27-->[com.google.firebase:firebase-auth:21.0.3] AndroidManifest.xml:34:17-69
27-->[com.google.firebase:firebase-auth:21.0.3] AndroidManifest.xml:34:25-66
28
29            <category android:name="android.intent.category.BROWSABLE" />
29-->[com.google.firebase:firebase-auth:21.0.3] AndroidManifest.xml:37:17-78
29-->[com.google.firebase:firebase-auth:21.0.3] AndroidManifest.xml:37:27-75
30
31            <data
31-->[com.google.firebase:firebase-auth:21.0.3] AndroidManifest.xml:39:17-42:51
32                android:host="pay"
32-->[com.google.firebase:firebase-auth:21.0.3] AndroidManifest.xml:40:21-49
33                android:mimeType="*/*"
34                android:scheme="upi" />
34-->[com.google.firebase:firebase-auth:21.0.3] AndroidManifest.xml:42:21-48
35        </intent>
36        <intent>
36-->[com.razorpay:checkout:1.6.19] AndroidManifest.xml:29:9-31:18
37            <action android:name="android.intent.action.MAIN" />
37-->[com.razorpay:checkout:1.6.19] AndroidManifest.xml:30:13-65
37-->[com.razorpay:checkout:1.6.19] AndroidManifest.xml:30:21-62
38        </intent>
39        <intent>
39-->[com.razorpay:checkout:1.6.19] AndroidManifest.xml:32:9-36:18
40            <action android:name="android.intent.action.SEND" />
40-->[com.razorpay:checkout:1.6.19] AndroidManifest.xml:33:13-65
40-->[com.razorpay:checkout:1.6.19] AndroidManifest.xml:33:21-62
41
42            <data android:mimeType="*/*" />
42-->[com.google.firebase:firebase-auth:21.0.3] AndroidManifest.xml:39:17-42:51
43        </intent>
44        <!-- Needs to be explicitly declared on Android R+ -->
45        <package android:name="com.google.android.apps.maps" />
45-->[com.google.android.gms:play-services-maps:18.0.2] AndroidManifest.xml:33:9-64
45-->[com.google.android.gms:play-services-maps:18.0.2] AndroidManifest.xml:33:18-61
46    </queries>
47
48    <uses-feature
48-->[com.google.android.gms:play-services-maps:18.0.2] AndroidManifest.xml:26:5-28:35
49        android:glEsVersion="0x00020000"
49-->[com.google.android.gms:play-services-maps:18.0.2] AndroidManifest.xml:27:9-41
50        android:required="true" />
50-->[com.google.android.gms:play-services-maps:18.0.2] AndroidManifest.xml:28:9-32
51
52    <application
53        android:name="android.app.Application"
54        android:appComponentFactory="androidx.core.app.CoreComponentFactory"
54-->[androidx.core:core:1.6.0] AndroidManifest.xml:24:18-86
55        android:debuggable="true"
56        android:icon="@mipmap/ic_launcher"
57        android:label="zeta_fashion_application" >
58        <activity
59            android:name="com.example.zeta_fashion_application.MainActivity"
60            android:configChanges="orientation|keyboardHidden|keyboard|screenSize|smallestScreenSize|locale|layoutDirection|fontScale|screenLayout|density|uiMode"
61            android:exported="true"
62            android:hardwareAccelerated="true"
63            android:launchMode="singleTop"
64            android:theme="@style/LaunchTheme"
65            android:windowSoftInputMode="adjustResize" >
66
67            <!--
68                 Specifies an Android theme to apply to this Activity as soon as
69                 the Android process has started. This theme is visible to the user
70                 while the Flutter UI initializes. After that, this theme continues
71                 to determine the Window background behind the Flutter UI.
72            -->
73            <meta-data
74                android:name="io.flutter.embedding.android.NormalTheme"
75                android:resource="@style/NormalTheme" />
76
77            <intent-filter>
78                <action android:name="android.intent.action.MAIN" />
78-->[com.razorpay:checkout:1.6.19] AndroidManifest.xml:30:13-65
78-->[com.razorpay:checkout:1.6.19] AndroidManifest.xml:30:21-62
79
80                <category android:name="android.intent.category.LAUNCHER" />
81            </intent-filter>
82        </activity>
83        <!--
84             Don't delete the meta-data below.
85             This is used by the Flutter tool to generate GeneratedPluginRegistrant.java
86        -->
87        <meta-data
88            android:name="flutterEmbedding"
89            android:value="2" />
90
91        <service
91-->[:firebase_auth] AndroidManifest.xml:8:9-12:19
92            android:name="com.google.firebase.components.ComponentDiscoveryService"
92-->[:firebase_auth] AndroidManifest.xml:8:18-89
93            android:directBootAware="true"
93-->[com.google.firebase:firebase-common:20.1.0] AndroidManifest.xml:35:13-43
94            android:exported="false" >
94-->[com.google.firebase:firebase-auth:21.0.3] AndroidManifest.xml:66:13-37
95            <meta-data
95-->[:firebase_auth] AndroidManifest.xml:9:13-11:85
96                android:name="com.google.firebase.components:io.flutter.plugins.firebase.auth.FlutterFirebaseAuthRegistrar"
96-->[:firebase_auth] AndroidManifest.xml:10:17-124
97                android:value="com.google.firebase.components.ComponentRegistrar" />
97-->[:firebase_auth] AndroidManifest.xml:11:17-82
98            <meta-data
98-->[:firebase_database] AndroidManifest.xml:9:13-11:85
99                android:name="com.google.firebase.components:io.flutter.plugins.firebase.database.FlutterFirebaseAppRegistrar"
99-->[:firebase_database] AndroidManifest.xml:10:17-127
100                android:value="com.google.firebase.components.ComponentRegistrar" />
100-->[:firebase_database] AndroidManifest.xml:11:17-82
101            <meta-data
101-->[:cloud_firestore] AndroidManifest.xml:9:13-11:85
102                android:name="com.google.firebase.components:io.flutter.plugins.firebase.firestore.FlutterFirebaseFirestoreRegistrar"
102-->[:cloud_firestore] AndroidManifest.xml:10:17-134
103                android:value="com.google.firebase.components.ComponentRegistrar" />
103-->[:cloud_firestore] AndroidManifest.xml:11:17-82
104            <meta-data
104-->[:firebase_core] AndroidManifest.xml:9:13-11:85
105                android:name="com.google.firebase.components:io.flutter.plugins.firebase.core.FlutterFirebaseCoreRegistrar"
105-->[:firebase_core] AndroidManifest.xml:10:17-124
106                android:value="com.google.firebase.components.ComponentRegistrar" />
106-->[:firebase_core] AndroidManifest.xml:11:17-82
107            <meta-data
107-->[com.google.firebase:firebase-auth:21.0.3] AndroidManifest.xml:67:13-69:85
108                android:name="com.google.firebase.components:com.google.firebase.auth.FirebaseAuthRegistrar"
108-->[com.google.firebase:firebase-auth:21.0.3] AndroidManifest.xml:68:17-109
109                android:value="com.google.firebase.components.ComponentRegistrar" />
109-->[com.google.firebase:firebase-auth:21.0.3] AndroidManifest.xml:69:17-82
110            <meta-data
110-->[com.google.firebase:firebase-firestore:24.1.1] AndroidManifest.xml:20:13-22:85
111                android:name="com.google.firebase.components:com.google.firebase.firestore.FirestoreRegistrar"
111-->[com.google.firebase:firebase-firestore:24.1.1] AndroidManifest.xml:21:17-111
112                android:value="com.google.firebase.components.ComponentRegistrar" />
112-->[com.google.firebase:firebase-firestore:24.1.1] AndroidManifest.xml:22:17-82
113            <meta-data
113-->[com.google.firebase:firebase-database:20.0.4] AndroidManifest.xml:32:13-34:85
114                android:name="com.google.firebase.components:com.google.firebase.database.DatabaseRegistrar"
114-->[com.google.firebase:firebase-database:20.0.4] AndroidManifest.xml:33:17-109
115                android:value="com.google.firebase.components.ComponentRegistrar" />
115-->[com.google.firebase:firebase-database:20.0.4] AndroidManifest.xml:34:17-82
116        </service>
117        <service
117-->[:geolocator_android] AndroidManifest.xml:10:9-14:56
118            android:name="com.baseflow.geolocator.GeolocatorLocationService"
118-->[:geolocator_android] AndroidManifest.xml:11:13-77
119            android:enabled="true"
119-->[:geolocator_android] AndroidManifest.xml:12:13-35
120            android:exported="false"
120-->[:geolocator_android] AndroidManifest.xml:13:13-37
121            android:foregroundServiceType="location" />
121-->[:geolocator_android] AndroidManifest.xml:14:13-53
122
123        <activity
123-->[:url_launcher_android] AndroidManifest.xml:8:9-11:74
124            android:name="io.flutter.plugins.urllauncher.WebViewActivity"
124-->[:url_launcher_android] AndroidManifest.xml:9:13-74
125            android:exported="false"
125-->[:url_launcher_android] AndroidManifest.xml:10:13-37
126            android:theme="@android:style/Theme.NoTitleBar.Fullscreen" />
126-->[:url_launcher_android] AndroidManifest.xml:11:13-71
127
128        <uses-library
128-->[androidx.window:window:1.0.0-beta04] AndroidManifest.xml:25:9-27:40
129            android:name="androidx.window.extensions"
129-->[androidx.window:window:1.0.0-beta04] AndroidManifest.xml:26:13-54
130            android:required="false" />
130-->[androidx.window:window:1.0.0-beta04] AndroidManifest.xml:27:13-37
131        <uses-library
131-->[androidx.window:window:1.0.0-beta04] AndroidManifest.xml:28:9-30:40
132            android:name="androidx.window.sidecar"
132-->[androidx.window:window:1.0.0-beta04] AndroidManifest.xml:29:13-51
133            android:required="false" />
133-->[androidx.window:window:1.0.0-beta04] AndroidManifest.xml:30:13-37
134
135        <activity
135-->[com.google.firebase:firebase-auth:21.0.3] AndroidManifest.xml:27:9-44:20
136            android:name="com.google.firebase.auth.internal.GenericIdpActivity"
136-->[com.google.firebase:firebase-auth:21.0.3] AndroidManifest.xml:28:13-80
137            android:excludeFromRecents="true"
137-->[com.google.firebase:firebase-auth:21.0.3] AndroidManifest.xml:29:13-46
138            android:exported="true"
138-->[com.google.firebase:firebase-auth:21.0.3] AndroidManifest.xml:30:13-36
139            android:launchMode="singleTask"
139-->[com.google.firebase:firebase-auth:21.0.3] AndroidManifest.xml:31:13-44
140            android:theme="@android:style/Theme.Translucent.NoTitleBar" >
140-->[com.google.firebase:firebase-auth:21.0.3] AndroidManifest.xml:32:13-72
141            <intent-filter>
141-->[com.google.firebase:firebase-auth:21.0.3] AndroidManifest.xml:33:13-43:29
142                <action android:name="android.intent.action.VIEW" />
142-->[com.google.firebase:firebase-auth:21.0.3] AndroidManifest.xml:34:17-69
142-->[com.google.firebase:firebase-auth:21.0.3] AndroidManifest.xml:34:25-66
143
144                <category android:name="android.intent.category.DEFAULT" />
144-->[com.google.firebase:firebase-auth:21.0.3] AndroidManifest.xml:36:17-76
144-->[com.google.firebase:firebase-auth:21.0.3] AndroidManifest.xml:36:27-73
145                <category android:name="android.intent.category.BROWSABLE" />
145-->[com.google.firebase:firebase-auth:21.0.3] AndroidManifest.xml:37:17-78
145-->[com.google.firebase:firebase-auth:21.0.3] AndroidManifest.xml:37:27-75
146
147                <data
147-->[com.google.firebase:firebase-auth:21.0.3] AndroidManifest.xml:39:17-42:51
148                    android:host="firebase.auth"
148-->[com.google.firebase:firebase-auth:21.0.3] AndroidManifest.xml:40:21-49
149                    android:path="/"
149-->[com.google.firebase:firebase-auth:21.0.3] AndroidManifest.xml:41:21-37
150                    android:scheme="genericidp" />
150-->[com.google.firebase:firebase-auth:21.0.3] AndroidManifest.xml:42:21-48
151            </intent-filter>
152        </activity>
153        <activity
153-->[com.google.firebase:firebase-auth:21.0.3] AndroidManifest.xml:45:9-62:20
154            android:name="com.google.firebase.auth.internal.RecaptchaActivity"
154-->[com.google.firebase:firebase-auth:21.0.3] AndroidManifest.xml:46:13-79
155            android:excludeFromRecents="true"
155-->[com.google.firebase:firebase-auth:21.0.3] AndroidManifest.xml:47:13-46
156            android:exported="true"
156-->[com.google.firebase:firebase-auth:21.0.3] AndroidManifest.xml:48:13-36
157            android:launchMode="singleTask"
157-->[com.google.firebase:firebase-auth:21.0.3] AndroidManifest.xml:49:13-44
158            android:theme="@android:style/Theme.Translucent.NoTitleBar" >
158-->[com.google.firebase:firebase-auth:21.0.3] AndroidManifest.xml:50:13-72
159            <intent-filter>
159-->[com.google.firebase:firebase-auth:21.0.3] AndroidManifest.xml:51:13-61:29
160                <action android:name="android.intent.action.VIEW" />
160-->[com.google.firebase:firebase-auth:21.0.3] AndroidManifest.xml:34:17-69
160-->[com.google.firebase:firebase-auth:21.0.3] AndroidManifest.xml:34:25-66
161
162                <category android:name="android.intent.category.DEFAULT" />
162-->[com.google.firebase:firebase-auth:21.0.3] AndroidManifest.xml:36:17-76
162-->[com.google.firebase:firebase-auth:21.0.3] AndroidManifest.xml:36:27-73
163                <category android:name="android.intent.category.BROWSABLE" />
163-->[com.google.firebase:firebase-auth:21.0.3] AndroidManifest.xml:37:17-78
163-->[com.google.firebase:firebase-auth:21.0.3] AndroidManifest.xml:37:27-75
164
165                <data
165-->[com.google.firebase:firebase-auth:21.0.3] AndroidManifest.xml:39:17-42:51
166                    android:host="firebase.auth"
166-->[com.google.firebase:firebase-auth:21.0.3] AndroidManifest.xml:40:21-49
167                    android:path="/"
167-->[com.google.firebase:firebase-auth:21.0.3] AndroidManifest.xml:41:21-37
168                    android:scheme="recaptcha" />
168-->[com.google.firebase:firebase-auth:21.0.3] AndroidManifest.xml:42:21-48
169            </intent-filter>
170        </activity>
171
172        <provider
172-->[com.google.firebase:firebase-common:20.1.0] AndroidManifest.xml:26:9-31:39
173            android:name="com.google.firebase.provider.FirebaseInitProvider"
173-->[com.google.firebase:firebase-common:20.1.0] AndroidManifest.xml:27:13-77
174            android:authorities="com.example.zeta_fashion_application.firebaseinitprovider"
174-->[com.google.firebase:firebase-common:20.1.0] AndroidManifest.xml:28:13-72
175            android:directBootAware="true"
175-->[com.google.firebase:firebase-common:20.1.0] AndroidManifest.xml:29:13-43
176            android:exported="false"
176-->[com.google.firebase:firebase-common:20.1.0] AndroidManifest.xml:30:13-37
177            android:initOrder="100" />
177-->[com.google.firebase:firebase-common:20.1.0] AndroidManifest.xml:31:13-36
178
179        <receiver
179-->[com.razorpay:checkout:1.6.19] AndroidManifest.xml:40:9-46:20
180            android:name="com.razorpay.RzpTokenReceiver"
180-->[com.razorpay:checkout:1.6.19] AndroidManifest.xml:41:13-57
181            android:exported="false" >
181-->[com.razorpay:checkout:1.6.19] AndroidManifest.xml:42:13-37
182            <intent-filter>
182-->[com.razorpay:checkout:1.6.19] AndroidManifest.xml:43:13-45:29
183                <action android:name="rzp.device_token.share" />
183-->[com.razorpay:checkout:1.6.19] AndroidManifest.xml:44:17-65
183-->[com.razorpay:checkout:1.6.19] AndroidManifest.xml:44:25-62
184            </intent-filter>
185        </receiver>
186
187        <activity
187-->[com.razorpay:checkout:1.6.19] AndroidManifest.xml:48:9-60:20
188            android:name="com.razorpay.CheckoutActivity"
188-->[com.razorpay:checkout:1.6.19] AndroidManifest.xml:49:13-57
189            android:configChanges="keyboard|keyboardHidden|orientation|screenSize"
189-->[com.razorpay:checkout:1.6.19] AndroidManifest.xml:50:13-83
190            android:exported="true"
190-->[com.razorpay:checkout:1.6.19] AndroidManifest.xml:51:13-36
191            android:theme="@style/CheckoutTheme" >
191-->[com.razorpay:checkout:1.6.19] AndroidManifest.xml:52:13-49
192            <intent-filter>
192-->[com.razorpay:checkout:1.6.19] AndroidManifest.xml:53:13-59:29
193                <action android:name="android.intent.action.MAIN" />
193-->[com.razorpay:checkout:1.6.19] AndroidManifest.xml:30:13-65
193-->[com.razorpay:checkout:1.6.19] AndroidManifest.xml:30:21-62
194
195                <data
195-->[com.google.firebase:firebase-auth:21.0.3] AndroidManifest.xml:39:17-42:51
196                    android:host="rzp.io"
196-->[com.google.firebase:firebase-auth:21.0.3] AndroidManifest.xml:40:21-49
197                    android:scheme="io.rzp" />
197-->[com.google.firebase:firebase-auth:21.0.3] AndroidManifest.xml:42:21-48
198            </intent-filter>
199        </activity>
200
201        <meta-data
201-->[com.razorpay:checkout:1.6.19] AndroidManifest.xml:62:9-64:58
202            android:name="com.razorpay.plugin.googlepay_all"
202-->[com.razorpay:checkout:1.6.19] AndroidManifest.xml:63:13-61
203            android:value="com.razorpay.RzpGpayMerged" /> <!-- Needs to be explicitly declared on P+ -->
203-->[com.razorpay:checkout:1.6.19] AndroidManifest.xml:64:13-55
204        <uses-library
204-->[com.google.android.gms:play-services-maps:18.0.2] AndroidManifest.xml:39:9-41:40
205            android:name="org.apache.http.legacy"
205-->[com.google.android.gms:play-services-maps:18.0.2] AndroidManifest.xml:40:13-50
206            android:required="false" />
206-->[com.google.android.gms:play-services-maps:18.0.2] AndroidManifest.xml:41:13-37
207
208        <activity
208-->[com.google.android.gms:play-services-auth:17.0.0] AndroidManifest.xml:23:9-27:75
209            android:name="com.google.android.gms.auth.api.signin.internal.SignInHubActivity"
209-->[com.google.android.gms:play-services-auth:17.0.0] AndroidManifest.xml:24:13-93
210            android:excludeFromRecents="true"
210-->[com.google.android.gms:play-services-auth:17.0.0] AndroidManifest.xml:25:13-46
211            android:exported="false"
211-->[com.google.android.gms:play-services-auth:17.0.0] AndroidManifest.xml:26:13-37
212            android:theme="@android:style/Theme.Translucent.NoTitleBar" />
212-->[com.google.android.gms:play-services-auth:17.0.0] AndroidManifest.xml:27:13-72
213        <!--
214            Service handling Google Sign-In user revocation. For apps that do not integrate with
215            Google Sign-In, this service will never be started.
216        -->
217        <service
217-->[com.google.android.gms:play-services-auth:17.0.0] AndroidManifest.xml:33:9-36:110
218            android:name="com.google.android.gms.auth.api.signin.RevocationBoundService"
218-->[com.google.android.gms:play-services-auth:17.0.0] AndroidManifest.xml:34:13-89
219            android:exported="true"
219-->[com.google.android.gms:play-services-auth:17.0.0] AndroidManifest.xml:35:13-36
220            android:permission="com.google.android.gms.auth.api.signin.permission.REVOCATION_NOTIFICATION" />
220-->[com.google.android.gms:play-services-auth:17.0.0] AndroidManifest.xml:36:13-107
221
222        <activity
222-->[com.google.android.gms:play-services-base:18.0.1] AndroidManifest.xml:20:9-22:45
223            android:name="com.google.android.gms.common.api.GoogleApiActivity"
223-->[com.google.android.gms:play-services-base:18.0.1] AndroidManifest.xml:20:19-85
224            android:exported="false"
224-->[com.google.android.gms:play-services-base:18.0.1] AndroidManifest.xml:22:19-43
225            android:theme="@android:style/Theme.Translucent.NoTitleBar" />
225-->[com.google.android.gms:play-services-base:18.0.1] AndroidManifest.xml:21:19-78
226
227        <meta-data
227-->[com.google.android.gms:play-services-basement:18.0.0] AndroidManifest.xml:21:9-23:69
228            android:name="com.google.android.gms.version"
228-->[com.google.android.gms:play-services-basement:18.0.0] AndroidManifest.xml:22:13-58
229            android:value="@integer/google_play_services_version" />
229-->[com.google.android.gms:play-services-basement:18.0.0] AndroidManifest.xml:23:13-66
230    </application>
231
232</manifest>